GTY_UU_Android/build/outputs/logs/manifest-merger-debug-report.txt
-- Merging decision tree log ---
manifest
ADDED from UU/GTY_UU_Android/AndroidManifest.xml:2:1-959:12
	package
		ADDED from UU/GTY_UU_Android/AndroidManifest.xml:3:5-27
		INJECTED from UU/GTY_UU_Android/AndroidManifest.xml
		INJECTED from UU/GTY_UU_Android/AndroidManifest.xml
	android:versionName
		ADDED from UU/GTY_UU_Android/AndroidManifest.xml:5:5-32
		INJECTED from UU/GTY_UU_Android/AndroidManifest.xml
		INJECTED from UU/GTY_UU_Android/AndroidManifest.xml
	android:versionCode
		ADDED from UU/GTY_UU_Android/AndroidManifest.xml:4:5-29
		INJECTED from UU/GTY_UU_Android/AndroidManifest.xml
		INJECTED from UU/GTY_UU_Android/AndroidManifest.xml
	xmlns:android
		ADDED from UU/GTY_UU_Android/AndroidManifest.xml:2:11-69
uses-sdk
ADDED from UU/GTY_UU_Android/AndroidManifest.xml:7:5-9:41
MERGED from [com.android.support:multidex:1.0.1] AndroidManifest.xml:18:5-42
MERGED from [:design-release:] AndroidManifest.xml:20:5-43
MERGED from [:appcompat_v7-release:] AndroidManifest.xml:20:5-43
MERGED from [com.facebook.fresco:drawee:0.11.0] AndroidManifest.xml:5:5-7:41
MERGED from [com.facebook.fresco:fbcore:0.11.0] AndroidManifest.xml:5:5-7:41
MERGED from [com.facebook.fresco:fresco:0.11.0] AndroidManifest.xml:5:5-7:41
MERGED from [com.facebook.fresco:drawee:0.11.0] AndroidManifest.xml:5:5-7:41
MERGED from [com.facebook.fresco:fbcore:0.11.0] AndroidManifest.xml:5:5-7:41
MERGED from [com.facebook.fresco:fbcore:0.11.0] AndroidManifest.xml:5:5-7:41
MERGED from [com.facebook.fresco:imagepipeline:0.11.0] AndroidManifest.xml:5:5-7:41
MERGED from [com.facebook.fresco:fbcore:0.11.0] AndroidManifest.xml:5:5-7:41
MERGED from [com.facebook.fresco:imagepipeline-base:0.11.0] AndroidManifest.xml:5:5-7:41
MERGED from [com.facebook.fresco:fbcore:0.11.0] AndroidManifest.xml:5:5-7:41
MERGED from [com.facebook.fresco:fbcore:0.11.0] AndroidManifest.xml:5:5-7:41
MERGED from [com.facebook.fresco:imagepipeline:0.11.0] AndroidManifest.xml:5:5-7:41
MERGED from [com.facebook.fresco:fbcore:0.11.0] AndroidManifest.xml:5:5-7:41
MERGED from [com.facebook.fresco:imagepipeline-base:0.11.0] AndroidManifest.xml:5:5-7:41
MERGED from [com.facebook.fresco:fbcore:0.11.0] AndroidManifest.xml:5:5-7:41
	android:targetSdkVersion
		ADDED from UU/GTY_UU_Android/AndroidManifest.xml:9:9-38
		INJECTED from UU/GTY_UU_Android/AndroidManifest.xml
		INJECTED from UU/GTY_UU_Android/AndroidManifest.xml
	android:minSdkVersion
		ADDED from UU/GTY_UU_Android/AndroidManifest.xml:8:9-35
supports-screens
ADDED from UU/GTY_UU_Android/AndroidManifest.xml:12:5-18:40
	android:largeScreens
		ADDED from UU/GTY_UU_Android/AndroidManifest.xml:14:9-36
	android:smallScreens
		ADDED from UU/GTY_UU_Android/AndroidManifest.xml:17:9-36
	android:normalScreens
		ADDED from UU/GTY_UU_Android/AndroidManifest.xml:15:9-37
	android:xlargeScreens
		ADDED from UU/GTY_UU_Android/AndroidManifest.xml:18:9-37
	android:resizeable
		ADDED from UU/GTY_UU_Android/AndroidManifest.xml:16:9-34
	android:anyDensity
		ADDED from UU/GTY_UU_Android/AndroidManifest.xml:13:9-34
permission#${applicationId}.permission.JPUSH_MESSAGE
ADDED from UU/GTY_UU_Android/AndroidManifest.xml:20:5-22:47
	android:protectionLevel
		ADDED from UU/GTY_UU_Android/AndroidManifest.xml:22:9-44
	android:name
		ADDED from UU/GTY_UU_Android/AndroidManifest.xml:21:9-65
		INJECTED from UU/GTY_UU_Android/AndroidManifest.xml
uses-permission#${applicationId}.permission.JPUSH_MESSAGE
ADDED from UU/GTY_UU_Android/AndroidManifest.xml:25:5-81
	android:name
		ADDED from UU/GTY_UU_Android/AndroidManifest.xml:25:22-78
		INJECTED from UU/GTY_UU_Android/AndroidManifest.xml
uses-permission#android.permission.RECEIVE_USER_PRESENT
ADDED from UU/GTY_UU_Android/AndroidManifest.xml:26:5-79
	android:name
		ADDED from UU/GTY_UU_Android/AndroidManifest.xml:26:22-76
uses-permission#android.permission.INTERNET
ADDED from UU/GTY_UU_Android/AndroidManifest.xml:27:5-67
	android:name
		ADDED from UU/GTY_UU_Android/AndroidManifest.xml:27:22-64
uses-permission#android.permission.WAKE_LOCK
ADDED from UU/GTY_UU_Android/AndroidManifest.xml:28:5-68
	android:name
		ADDED from UU/GTY_UU_Android/AndroidManifest.xml:28:22-65
uses-permission#android.permission.READ_PHONE_STATE
ADDED from UU/GTY_UU_Android/AndroidManifest.xml:29:5-75
	android:name
		ADDED from UU/GTY_UU_Android/AndroidManifest.xml:29:22-72
uses-permission#android.permission.WRITE_EXTERNAL_STORAGE
ADDED from UU/GTY_UU_Android/AndroidManifest.xml:30:5-81
	android:name
		ADDED from UU/GTY_UU_Android/AndroidManifest.xml:30:22-78
uses-permission#android.permission.READ_EXTERNAL_STORAGE
ADDED from UU/GTY_UU_Android/AndroidManifest.xml:31:5-80
	android:name
		ADDED from UU/GTY_UU_Android/AndroidManifest.xml:31:22-77
uses-permission#android.permission.WRITE_SETTINGS
ADDED from UU/GTY_UU_Android/AndroidManifest.xml:32:5-73
	android:name
		ADDED from UU/GTY_UU_Android/AndroidManifest.xml:32:22-70
uses-permission#android.permission.VIBRATE
ADDED from UU/GTY_UU_Android/AndroidManifest.xml:33:5-66
	android:name
		ADDED from UU/GTY_UU_Android/AndroidManifest.xml:33:22-63
uses-permission#android.permission.MOUNT_UNMOUNT_FILESYSTEMS
ADDED from UU/GTY_UU_Android/AndroidManifest.xml:34:5-84
	android:name
		ADDED from UU/GTY_UU_Android/AndroidManifest.xml:34:22-81
uses-permission#android.permission.ACCESS_NETWORK_STATE
ADDED from UU/GTY_UU_Android/AndroidManifest.xml:35:5-79
	android:name
		ADDED from UU/GTY_UU_Android/AndroidManifest.xml:35:22-76
uses-permission#android.permission.ACCESS_WIFI_STATE
ADDED from UU/GTY_UU_Android/AndroidManifest.xml:36:5-76
	android:name
		ADDED from UU/GTY_UU_Android/AndroidManifest.xml:36:22-73
uses-permission#android.permission.SYSTEM_ALERT_WINDOW
ADDED from UU/GTY_UU_Android/AndroidManifest.xml:37:5-77
	android:name
		ADDED from UU/GTY_UU_Android/AndroidManifest.xml:37:22-75
uses-permission#android.permission.ACCESS_COARSE_LOCATION
ADDED from UU/GTY_UU_Android/AndroidManifest.xml:42:5-81
	android:name
		ADDED from UU/GTY_UU_Android/AndroidManifest.xml:42:22-78
uses-permission#android.permission.CHANGE_WIFI_STATE
ADDED from UU/GTY_UU_Android/AndroidManifest.xml:43:5-76
	android:name
		ADDED from UU/GTY_UU_Android/AndroidManifest.xml:43:22-73
uses-permission#android.permission.ACCESS_FINE_LOCATION
ADDED from UU/GTY_UU_Android/AndroidManifest.xml:44:5-79
	android:name
		ADDED from UU/GTY_UU_Android/AndroidManifest.xml:44:22-76
uses-permission#android.permission.ACCESS_LOCATION_EXTRA_COMMANDS
ADDED from UU/GTY_UU_Android/AndroidManifest.xml:45:5-89
	android:name
		ADDED from UU/GTY_UU_Android/AndroidManifest.xml:45:22-86
uses-permission#android.permission.CHANGE_NETWORK_STATE
ADDED from UU/GTY_UU_Android/AndroidManifest.xml:46:5-79
	android:name
		ADDED from UU/GTY_UU_Android/AndroidManifest.xml:46:22-76
uses-permission#android.permission.RESTART_PACKAGES
ADDED from UU/GTY_UU_Android/AndroidManifest.xml:52:5-75
	android:name
		ADDED from UU/GTY_UU_Android/AndroidManifest.xml:52:22-72
uses-permission#android.permission.RECEIVE_BOOT_COMPLETED
ADDED from UU/GTY_UU_Android/AndroidManifest.xml:53:5-81
	android:name
		ADDED from UU/GTY_UU_Android/AndroidManifest.xml:53:22-78
uses-permission#android.permission.CHANGE_CONFIGURATION
ADDED from UU/GTY_UU_Android/AndroidManifest.xml:57:5-79
	android:name
		ADDED from UU/GTY_UU_Android/AndroidManifest.xml:57:22-76
uses-permission#android.permission.MANAGE_ACCOUNTS
ADDED from UU/GTY_UU_Android/AndroidManifest.xml:60:5-74
	android:name
		ADDED from UU/GTY_UU_Android/AndroidManifest.xml:60:22-71
uses-permission#android.permission.GET_ACCOUNTS
ADDED from UU/GTY_UU_Android/AndroidManifest.xml:61:5-71
	android:name
		ADDED from UU/GTY_UU_Android/AndroidManifest.xml:61:22-68
uses-permission#android.permission.CAMERA
ADDED from UU/GTY_UU_Android/AndroidManifest.xml:63:5-65
	android:name
		ADDED from UU/GTY_UU_Android/AndroidManifest.xml:63:22-62
uses-permission#android.permission.RECORD_AUDIO
ADDED from UU/GTY_UU_Android/AndroidManifest.xml:64:5-71
	android:name
		ADDED from UU/GTY_UU_Android/AndroidManifest.xml:64:22-68
uses-permission#android.permission.RECEIVE_SMS
ADDED from UU/GTY_UU_Android/AndroidManifest.xml:66:5-70
	android:name
		ADDED from UU/GTY_UU_Android/AndroidManifest.xml:66:22-67
uses-permission#android.permission.READ_SMS
ADDED from UU/GTY_UU_Android/AndroidManifest.xml:67:5-67
	android:name
		ADDED from UU/GTY_UU_Android/AndroidManifest.xml:67:22-64
uses-permission#android.permission.CALL_PHONE
ADDED from UU/GTY_UU_Android/AndroidManifest.xml:69:5-69
	android:name
		ADDED from UU/GTY_UU_Android/AndroidManifest.xml:69:22-66
uses-permission#android.permission.GET_TASKS
ADDED from UU/GTY_UU_Android/AndroidManifest.xml:75:5-68
	android:name
		ADDED from UU/GTY_UU_Android/AndroidManifest.xml:75:22-65
uses-permission#android.permission.MODIFY_AUDIO_SETTINGS
ADDED from UU/GTY_UU_Android/AndroidManifest.xml:77:5-80
	android:name
		ADDED from UU/GTY_UU_Android/AndroidManifest.xml:77:22-77
application
ADDED from UU/GTY_UU_Android/AndroidManifest.xml:80:5-957:19
MERGED from [:design-release:] AndroidManifest.xml:22:5-20
MERGED from [:appcompat_v7-release:] AndroidManifest.xml:22:5-20
	android:label
		ADDED from UU/GTY_UU_Android/AndroidManifest.xml:85:9-41
	android:hardwareAccelerated
		ADDED from UU/GTY_UU_Android/AndroidManifest.xml:83:9-43
	android:allowBackup
		ADDED from UU/GTY_UU_Android/AndroidManifest.xml:82:9-36
	android:icon
		ADDED from UU/GTY_UU_Android/AndroidManifest.xml:84:9-42
	android:largeHeap
		ADDED from UU/GTY_UU_Android/AndroidManifest.xml:86:9-33
	android:theme
		ADDED from UU/GTY_UU_Android/AndroidManifest.xml:87:9-40
	android:name
		ADDED from UU/GTY_UU_Android/AndroidManifest.xml:81:9-55
meta-data#EASEMOB_APPKEY
ADDED from UU/GTY_UU_Android/AndroidManifest.xml:90:9-92:43
	android:value
		ADDED from UU/GTY_UU_Android/AndroidManifest.xml:92:13-40
	android:name
		ADDED from UU/GTY_UU_Android/AndroidManifest.xml:91:13-42
service#com.easemob.chat.EMChatService
ADDED from UU/GTY_UU_Android/AndroidManifest.xml:94:9-66
	android:name
		ADDED from UU/GTY_UU_Android/AndroidManifest.xml:94:18-63
meta-data#com.amap.api.v2.apikey
ADDED from UU/GTY_UU_Android/AndroidManifest.xml:96:9-98:64
	android:value
		ADDED from UU/GTY_UU_Android/AndroidManifest.xml:98:13-61
	android:name
		ADDED from UU/GTY_UU_Android/AndroidManifest.xml:97:13-50
activity#com.uugty.uu.appstart.AppStartActivity
ADDED from UU/GTY_UU_Android/AndroidManifest.xml:100:9-111:20
	android:screenOrientation
		ADDED from UU/GTY_UU_Android/AndroidManifest.xml:103:13-49
	android:configChanges
		ADDED from UU/GTY_UU_Android/AndroidManifest.xml:102:13-74
	android:theme
		ADDED from UU/GTY_UU_Android/AndroidManifest.xml:104:13-59
	android:name
		ADDED from UU/GTY_UU_Android/AndroidManifest.xml:101:13-54
intent-filter#android.intent.action.MAIN+android.intent.category.LAUNCHER
ADDED from UU/GTY_UU_Android/AndroidManifest.xml:105:13-110:29
action#android.intent.action.MAIN
ADDED from UU/GTY_UU_Android/AndroidManifest.xml:106:17-107:26
	android:name
		ADDED from UU/GTY_UU_Android/AndroidManifest.xml:106:25-66
category#android.intent.category.LAUNCHER
ADDED from UU/GTY_UU_Android/AndroidManifest.xml:109:17-77
	android:name
		ADDED from UU/GTY_UU_Android/AndroidManifest.xml:109:27-74
activity#com.mob.tools.MobUIShell
ADDED from UU/GTY_UU_Android/AndroidManifest.xml:112:9-131:20
	android:screenOrientation
		ADDED from UU/GTY_UU_Android/AndroidManifest.xml:115:13-49
	android:windowSoftInputMode
		ADDED from UU/GTY_UU_Android/AndroidManifest.xml:117:13-67
	android:configChanges
		ADDED from UU/GTY_UU_Android/AndroidManifest.xml:114:13-74
	android:theme
		ADDED from UU/GTY_UU_Android/AndroidManifest.xml:116:13-72
	android:name
		ADDED from UU/GTY_UU_Android/AndroidManifest.xml:113:13-52
intent-filter#android.intent.action.VIEW+android.intent.category.BROWSABLE+android.intent.category.DEFAULT
ADDED from UU/GTY_UU_Android/AndroidManifest.xml:118:13-125:29
data
ADDED from UU/GTY_UU_Android/AndroidManifest.xml:119:17-59
	android:scheme
		ADDED from UU/GTY_UU_Android/AndroidManifest.xml:119:23-56
action#android.intent.action.VIEW
ADDED from UU/GTY_UU_Android/AndroidManifest.xml:121:17-69
	android:name
		ADDED from UU/GTY_UU_Android/AndroidManifest.xml:121:25-66
category#android.intent.category.BROWSABLE
ADDED from UU/GTY_UU_Android/AndroidManifest.xml:123:17-78
	android:name
		ADDED from UU/GTY_UU_Android/AndroidManifest.xml:123:27-75
category#android.intent.category.DEFAULT
ADDED from UU/GTY_UU_Android/AndroidManifest.xml:124:17-76
	android:name
		ADDED from UU/GTY_UU_Android/AndroidManifest.xml:124:27-73
intent-filter#android.intent.category.DEFAULT+com.sina.weibo.sdk.action.ACTION_SDK_REQ_ACTIVITY
ADDED from UU/GTY_UU_Android/AndroidManifest.xml:127:7-130:23
action#com.sina.weibo.sdk.action.ACTION_SDK_REQ_ACTIVITY
ADDED from UU/GTY_UU_Android/AndroidManifest.xml:128:11-86
	android:name
		ADDED from UU/GTY_UU_Android/AndroidManifest.xml:128:19-83
activity#com.uugty.uu.login.LoginActivity
ADDED from UU/GTY_UU_Android/AndroidManifest.xml:133:9-138:59
	android:screenOrientation
		ADDED from UU/GTY_UU_Android/AndroidManifest.xml:137:13-49
	android:launchMode
		ADDED from UU/GTY_UU_Android/AndroidManifest.xml:136:13-44
	android:configChanges
		ADDED from UU/GTY_UU_Android/AndroidManifest.xml:135:13-74
	android:theme
		ADDED from UU/GTY_UU_Android/AndroidManifest.xml:138:13-56
	android:name
		ADDED from UU/GTY_UU_Android/AndroidManifest.xml:134:13-48
activity#com.uugty.uu.login.RegsterActivity
ADDED from UU/GTY_UU_Android/AndroidManifest.xml:140:9-143:52
	android:screenOrientation
		ADDED from UU/GTY_UU_Android/AndroidManifest.xml:143:13-49
	android:configChanges
		ADDED from UU/GTY_UU_Android/AndroidManifest.xml:142:13-74
	android:name
		ADDED from UU/GTY_UU_Android/AndroidManifest.xml:141:13-50
activity#com.uugty.uu.login.ForgetActivity
ADDED from UU/GTY_UU_Android/AndroidManifest.xml:144:9-148:20
	android:screenOrientation
		ADDED from UU/GTY_UU_Android/AndroidManifest.xml:147:13-49
	android:configChanges
		ADDED from UU/GTY_UU_Android/AndroidManifest.xml:146:13-74
	android:name
		ADDED from UU/GTY_UU_Android/AndroidManifest.xml:145:13-49
activity#com.uugty.uu.guide.ImageGuideActivity
ADDED from UU/GTY_UU_Android/AndroidManifest.xml:151:9-155:20
	android:screenOrientation
		ADDED from UU/GTY_UU_Android/AndroidManifest.xml:154:13-49
	android:configChanges
		ADDED from UU/GTY_UU_Android/AndroidManifest.xml:153:13-74
	android:name
		ADDED from UU/GTY_UU_Android/AndroidManifest.xml:152:13-53
activity#com.uugty.uu.uuchat.ChatActivity
ADDED from UU/GTY_UU_Android/AndroidManifest.xml:158:9-164:20
	android:screenOrientation
		ADDED from UU/GTY_UU_Android/AndroidManifest.xml:162:13-49
	android:launchMode
		ADDED from UU/GTY_UU_Android/AndroidManifest.xml:161:13-44
	android:windowSoftInputMode
		ADDED from UU/GTY_UU_Android/AndroidManifest.xml:163:13-55
	android:configChanges
		ADDED from UU/GTY_UU_Android/AndroidManifest.xml:160:13-74
	android:name
		ADDED from UU/GTY_UU_Android/AndroidManifest.xml:159:13-48
activity#com.uugty.uu.uuchat.ChatShowBigImageActivity
ADDED from UU/GTY_UU_Android/AndroidManifest.xml:166:9-170:20
	android:screenOrientation
		ADDED from UU/GTY_UU_Android/AndroidManifest.xml:169:13-49
	android:configChanges
		ADDED from UU/GTY_UU_Android/AndroidManifest.xml:168:13-74
	android:name
		ADDED from UU/GTY_UU_Android/AndroidManifest.xml:167:13-60
activity#com.uugty.uu.uuchat.ChatShowImageActivity
ADDED from UU/GTY_UU_Android/AndroidManifest.xml:172:9-176:20
	android:screenOrientation
		ADDED from UU/GTY_UU_Android/AndroidManifest.xml:175:13-49
	android:configChanges
		ADDED from UU/GTY_UU_Android/AndroidManifest.xml:174:13-74
	android:name
		ADDED from UU/GTY_UU_Android/AndroidManifest.xml:173:13-57
activity#com.uugty.uu.uuchat.ReportInterfaceActivity
ADDED from UU/GTY_UU_Android/AndroidManifest.xml:178:9-182:20
	android:screenOrientation
		ADDED from UU/GTY_UU_Android/AndroidManifest.xml:181:13-49
	android:configChanges
		ADDED from UU/GTY_UU_Android/AndroidManifest.xml:180:13-74
	android:name
		ADDED from UU/GTY_UU_Android/AndroidManifest.xml:179:13-59
activity#com.uugty.uu.uuchat.ContextMenu
ADDED from UU/GTY_UU_Android/AndroidManifest.xml:183:9-187:20
	android:screenOrientation
		ADDED from UU/GTY_UU_Android/AndroidManifest.xml:185:13-49
	android:theme
		ADDED from UU/GTY_UU_Android/AndroidManifest.xml:186:13-52
	android:name
		ADDED from UU/GTY_UU_Android/AndroidManifest.xml:184:13-47
activity#com.uugty.uu.main.MainActivity
ADDED from UU/GTY_UU_Android/AndroidManifest.xml:189:9-195:20
	android:screenOrientation
		ADDED from UU/GTY_UU_Android/AndroidManifest.xml:193:13-49
	android:launchMode
		ADDED from UU/GTY_UU_Android/AndroidManifest.xml:192:13-44
	android:configChanges
		ADDED from UU/GTY_UU_Android/AndroidManifest.xml:191:13-74
	android:theme
		ADDED from UU/GTY_UU_Android/AndroidManifest.xml:194:13-55
	android:name
		ADDED from UU/GTY_UU_Android/AndroidManifest.xml:190:13-46
activity#com.uugty.uu.wxapi.WXEntryActivity
ADDED from UU/GTY_UU_Android/AndroidManifest.xml:197:9-204:20
	android:screenOrientation
		ADDED from UU/GTY_UU_Android/AndroidManifest.xml:202:13-49
	android:launchMode
		ADDED from UU/GTY_UU_Android/AndroidManifest.xml:201:13-44
	android:exported
		ADDED from UU/GTY_UU_Android/AndroidManifest.xml:200:13-36
	android:configChanges
		ADDED from UU/GTY_UU_Android/AndroidManifest.xml:199:13-74
	android:theme
		ADDED from UU/GTY_UU_Android/AndroidManifest.xml:203:13-49
	android:name
		ADDED from UU/GTY_UU_Android/AndroidManifest.xml:198:13-50
activity#com.uugty.uu.wxapi.WXPayEntryActivity
ADDED from UU/GTY_UU_Android/AndroidManifest.xml:206:9-212:20
	android:screenOrientation
		ADDED from UU/GTY_UU_Android/AndroidManifest.xml:211:13-49
	android:launchMode
		ADDED from UU/GTY_UU_Android/AndroidManifest.xml:210:13-43
	android:exported
		ADDED from UU/GTY_UU_Android/AndroidManifest.xml:209:13-36
	android:configChanges
		ADDED from UU/GTY_UU_Android/AndroidManifest.xml:208:13-74
	android:name
		ADDED from UU/GTY_UU_Android/AndroidManifest.xml:207:13-53
activity#com.uugty.uu.evaluate.EvaluateDetailActivity
ADDED from UU/GTY_UU_Android/AndroidManifest.xml:215:9-219:20
	android:screenOrientation
		ADDED from UU/GTY_UU_Android/AndroidManifest.xml:218:13-49
	android:configChanges
		ADDED from UU/GTY_UU_Android/AndroidManifest.xml:217:13-74
	android:name
		ADDED from UU/GTY_UU_Android/AndroidManifest.xml:216:13-60
activity#com.uugty.uu.evaluate.ReplyActivity
ADDED from UU/GTY_UU_Android/AndroidManifest.xml:222:9-226:20
	android:screenOrientation
		ADDED from UU/GTY_UU_Android/AndroidManifest.xml:225:13-49
	android:configChanges
		ADDED from UU/GTY_UU_Android/AndroidManifest.xml:224:13-74
	android:name
		ADDED from UU/GTY_UU_Android/AndroidManifest.xml:223:13-51
activity#com.uugty.uu.person.PersonLeftPhotoActivity
ADDED from UU/GTY_UU_Android/AndroidManifest.xml:228:9-232:20
	android:screenOrientation
		ADDED from UU/GTY_UU_Android/AndroidManifest.xml:231:13-49
	android:configChanges
		ADDED from UU/GTY_UU_Android/AndroidManifest.xml:230:13-74
	android:name
		ADDED from UU/GTY_UU_Android/AndroidManifest.xml:229:13-59
activity#com.uugty.uu.person.AddLableActivity
ADDED from UU/GTY_UU_Android/AndroidManifest.xml:234:9-238:20
	android:screenOrientation
		ADDED from UU/GTY_UU_Android/AndroidManifest.xml:237:13-49
	android:configChanges
		ADDED from UU/GTY_UU_Android/AndroidManifest.xml:236:13-74
	android:name
		ADDED from UU/GTY_UU_Android/AndroidManifest.xml:235:13-52
activity#com.uugty.uu.person.TouristFillActivity
ADDED from UU/GTY_UU_Android/AndroidManifest.xml:240:9-244:20
	android:screenOrientation
		ADDED from UU/GTY_UU_Android/AndroidManifest.xml:243:13-49
	android:configChanges
		ADDED from UU/GTY_UU_Android/AndroidManifest.xml:242:13-74
	android:name
		ADDED from UU/GTY_UU_Android/AndroidManifest.xml:241:13-55
activity#com.uugty.uu.person.TouristListActivity
ADDED from UU/GTY_UU_Android/AndroidManifest.xml:246:9-250:20
	android:screenOrientation
		ADDED from UU/GTY_UU_Android/AndroidManifest.xml:249:13-49
	android:configChanges
		ADDED from UU/GTY_UU_Android/AndroidManifest.xml:248:13-74
	android:name
		ADDED from UU/GTY_UU_Android/AndroidManifest.xml:247:13-55
activity#com.uugty.uu.person.PersonCompileActivity
ADDED from UU/GTY_UU_Android/AndroidManifest.xml:252:9-257:20
	android:screenOrientation
		ADDED from UU/GTY_UU_Android/AndroidManifest.xml:256:13-49
	android:launchMode
		ADDED from UU/GTY_UU_Android/AndroidManifest.xml:255:13-44
	android:configChanges
		ADDED from UU/GTY_UU_Android/AndroidManifest.xml:254:13-74
	android:name
		ADDED from UU/GTY_UU_Android/AndroidManifest.xml:253:13-57
activity#com.uugty.uu.person.PersonInfoTextActivity
ADDED from UU/GTY_UU_Android/AndroidManifest.xml:259:9-263:20
	android:screenOrientation
		ADDED from UU/GTY_UU_Android/AndroidManifest.xml:262:13-49
	android:configChanges
		ADDED from UU/GTY_UU_Android/AndroidManifest.xml:261:13-74
	android:name
		ADDED from UU/GTY_UU_Android/AndroidManifest.xml:260:13-58
activity#com.uugty.uu.person.PersonDescriptionActivity
ADDED from UU/GTY_UU_Android/AndroidManifest.xml:265:9-269:20
	android:screenOrientation
		ADDED from UU/GTY_UU_Android/AndroidManifest.xml:268:13-49
	android:configChanges
		ADDED from UU/GTY_UU_Android/AndroidManifest.xml:267:13-74
	android:name
		ADDED from UU/GTY_UU_Android/AndroidManifest.xml:266:13-61
activity#com.uugty.uu.person.PersonSexActivity
ADDED from UU/GTY_UU_Android/AndroidManifest.xml:271:9-276:20
	android:screenOrientation
		ADDED from UU/GTY_UU_Android/AndroidManifest.xml:274:13-49
	android:configChanges
		ADDED from UU/GTY_UU_Android/AndroidManifest.xml:273:13-74
	android:theme
		ADDED from UU/GTY_UU_Android/AndroidManifest.xml:275:13-52
	android:name
		ADDED from UU/GTY_UU_Android/AndroidManifest.xml:272:13-53
activity#com.uugty.uu.person.PersonConstellation
ADDED from UU/GTY_UU_Android/AndroidManifest.xml:278:9-283:20
	android:screenOrientation
		ADDED from UU/GTY_UU_Android/AndroidManifest.xml:281:13-49
	android:configChanges
		ADDED from UU/GTY_UU_Android/AndroidManifest.xml:280:13-74
	android:theme
		ADDED from UU/GTY_UU_Android/AndroidManifest.xml:282:13-52
	android:name
		ADDED from UU/GTY_UU_Android/AndroidManifest.xml:279:13-55
activity#com.uugty.uu.person.PersonLanguageActivity
ADDED from UU/GTY_UU_Android/AndroidManifest.xml:285:9-290:20
	android:screenOrientation
		ADDED from UU/GTY_UU_Android/AndroidManifest.xml:288:13-49
	android:configChanges
		ADDED from UU/GTY_UU_Android/AndroidManifest.xml:287:13-74
	android:theme
		ADDED from UU/GTY_UU_Android/AndroidManifest.xml:289:13-52
	android:name
		ADDED from UU/GTY_UU_Android/AndroidManifest.xml:286:13-58
activity#com.uugty.uu.person.PersonProfessionActivity
ADDED from UU/GTY_UU_Android/AndroidManifest.xml:293:9-298:20
	android:screenOrientation
		ADDED from UU/GTY_UU_Android/AndroidManifest.xml:296:13-49
	android:configChanges
		ADDED from UU/GTY_UU_Android/AndroidManifest.xml:295:13-74
	android:theme
		ADDED from UU/GTY_UU_Android/AndroidManifest.xml:297:13-52
	android:name
		ADDED from UU/GTY_UU_Android/AndroidManifest.xml:294:13-60
activity#com.uugty.uu.loaderimg.PhoneimageActivity
ADDED from UU/GTY_UU_Android/AndroidManifest.xml:301:9-305:20
	android:screenOrientation
		ADDED from UU/GTY_UU_Android/AndroidManifest.xml:304:13-49
	android:configChanges
		ADDED from UU/GTY_UU_Android/AndroidManifest.xml:303:13-74
	android:name
		ADDED from UU/GTY_UU_Android/AndroidManifest.xml:302:13-57
activity#com.uugty.uu.loaderimg.ImgMainActivity
ADDED from UU/GTY_UU_Android/AndroidManifest.xml:306:9-310:20
	android:screenOrientation
		ADDED from UU/GTY_UU_Android/AndroidManifest.xml:309:13-49
	android:configChanges
		ADDED from UU/GTY_UU_Android/AndroidManifest.xml:308:13-74
	android:name
		ADDED from UU/GTY_UU_Android/AndroidManifest.xml:307:13-54
activity#com.uugty.uu.person.PersonValidResultActivity
ADDED from UU/GTY_UU_Android/AndroidManifest.xml:313:9-317:20
	android:screenOrientation
		ADDED from UU/GTY_UU_Android/AndroidManifest.xml:316:13-49
	android:configChanges
		ADDED from UU/GTY_UU_Android/AndroidManifest.xml:315:13-74
	android:name
		ADDED from UU/GTY_UU_Android/AndroidManifest.xml:314:13-61
activity#com.uugty.uu.person.CutPicturceActivity
ADDED from UU/GTY_UU_Android/AndroidManifest.xml:319:9-323:20
	android:screenOrientation
		ADDED from UU/GTY_UU_Android/AndroidManifest.xml:322:13-49
	android:configChanges
		ADDED from UU/GTY_UU_Android/AndroidManifest.xml:321:13-74
	android:name
		ADDED from UU/GTY_UU_Android/AndroidManifest.xml:320:13-55
activity#com.uugty.uu.com.find.CollectActivity
ADDED from UU/GTY_UU_Android/AndroidManifest.xml:324:9-328:20
	android:screenOrientation
		ADDED from UU/GTY_UU_Android/AndroidManifest.xml:327:13-49
	android:configChanges
		ADDED from UU/GTY_UU_Android/AndroidManifest.xml:326:13-74
	android:name
		ADDED from UU/GTY_UU_Android/AndroidManifest.xml:325:13-53
activity#com.uugty.uu.com.find.FindTestViewPagerActivity
ADDED from UU/GTY_UU_Android/AndroidManifest.xml:331:9-335:20
	android:screenOrientation
		ADDED from UU/GTY_UU_Android/AndroidManifest.xml:334:13-49
	android:configChanges
		ADDED from UU/GTY_UU_Android/AndroidManifest.xml:333:13-74
	android:name
		ADDED from UU/GTY_UU_Android/AndroidManifest.xml:332:13-63
activity#com.uugty.uu.setup.PersonSetupActivity
ADDED from UU/GTY_UU_Android/AndroidManifest.xml:337:9-341:20
	android:screenOrientation
		ADDED from UU/GTY_UU_Android/AndroidManifest.xml:340:13-49
	android:configChanges
		ADDED from UU/GTY_UU_Android/AndroidManifest.xml:339:13-74
	android:name
		ADDED from UU/GTY_UU_Android/AndroidManifest.xml:338:13-54
activity#com.uugty.uu.com.rightview.MyPriceActivity
ADDED from UU/GTY_UU_Android/AndroidManifest.xml:343:9-348:20
	android:screenOrientation
		ADDED from UU/GTY_UU_Android/AndroidManifest.xml:347:13-49
	android:launchMode
		ADDED from UU/GTY_UU_Android/AndroidManifest.xml:346:13-44
	android:configChanges
		ADDED from UU/GTY_UU_Android/AndroidManifest.xml:345:13-74
	android:name
		ADDED from UU/GTY_UU_Android/AndroidManifest.xml:344:13-58
activity#com.uugty.uu.com.rightview.BankcardActivity
ADDED from UU/GTY_UU_Android/AndroidManifest.xml:350:9-354:20
	android:screenOrientation
		ADDED from UU/GTY_UU_Android/AndroidManifest.xml:353:13-49
	android:configChanges
		ADDED from UU/GTY_UU_Android/AndroidManifest.xml:352:13-74
	android:name
		ADDED from UU/GTY_UU_Android/AndroidManifest.xml:351:13-59
activity#com.uugty.uu.com.rightview.ADDBankActivity
ADDED from UU/GTY_UU_Android/AndroidManifest.xml:356:9-360:20
	android:screenOrientation
		ADDED from UU/GTY_UU_Android/AndroidManifest.xml:359:13-49
	android:configChanges
		ADDED from UU/GTY_UU_Android/AndroidManifest.xml:358:13-74
	android:name
		ADDED from UU/GTY_UU_Android/AndroidManifest.xml:357:13-58
activity#com.uugty.uu.com.rightview.PriceDetailActivity
ADDED from UU/GTY_UU_Android/AndroidManifest.xml:362:9-366:20
	android:screenOrientation
		ADDED from UU/GTY_UU_Android/AndroidManifest.xml:365:13-49
	android:configChanges
		ADDED from UU/GTY_UU_Android/AndroidManifest.xml:364:13-74
	android:name
		ADDED from UU/GTY_UU_Android/AndroidManifest.xml:363:13-62
activity#com.uugty.uu.com.rightview.PasswordActivity
ADDED from UU/GTY_UU_Android/AndroidManifest.xml:369:9-374:20
	android:screenOrientation
		ADDED from UU/GTY_UU_Android/AndroidManifest.xml:373:13-49
	android:launchMode
		ADDED from UU/GTY_UU_Android/AndroidManifest.xml:372:13-44
	android:configChanges
		ADDED from UU/GTY_UU_Android/AndroidManifest.xml:371:13-74
	android:name
		ADDED from UU/GTY_UU_Android/AndroidManifest.xml:370:13-59
activity#com.uugty.uu.com.rightview.UPdataActivity
ADDED from UU/GTY_UU_Android/AndroidManifest.xml:376:9-380:20
	android:screenOrientation
		ADDED from UU/GTY_UU_Android/AndroidManifest.xml:379:13-49
	android:configChanges
		ADDED from UU/GTY_UU_Android/AndroidManifest.xml:378:13-74
	android:name
		ADDED from UU/GTY_UU_Android/AndroidManifest.xml:377:13-57
activity#com.uugty.uu.com.rightview.UpdatePasswordOld
ADDED from UU/GTY_UU_Android/AndroidManifest.xml:381:9-385:20
	android:screenOrientation
		ADDED from UU/GTY_UU_Android/AndroidManifest.xml:384:13-49
	android:configChanges
		ADDED from UU/GTY_UU_Android/AndroidManifest.xml:383:13-74
	android:name
		ADDED from UU/GTY_UU_Android/AndroidManifest.xml:382:13-60
activity#com.uugty.uu.com.rightview.RightForgetActivity
ADDED from UU/GTY_UU_Android/AndroidManifest.xml:387:9-391:20
	android:screenOrientation
		ADDED from UU/GTY_UU_Android/AndroidManifest.xml:390:13-49
	android:configChanges
		ADDED from UU/GTY_UU_Android/AndroidManifest.xml:389:13-74
	android:name
		ADDED from UU/GTY_UU_Android/AndroidManifest.xml:388:13-62
activity#com.uugty.uu.com.rightview.RechargeActivity
ADDED from UU/GTY_UU_Android/AndroidManifest.xml:394:9-398:20
	android:screenOrientation
		ADDED from UU/GTY_UU_Android/AndroidManifest.xml:397:13-49
	android:configChanges
		ADDED from UU/GTY_UU_Android/AndroidManifest.xml:396:13-74
	android:name
		ADDED from UU/GTY_UU_Android/AndroidManifest.xml:395:13-59
activity#com.uugty.uu.com.rightview.WithdrawcashActivity
ADDED from UU/GTY_UU_Android/AndroidManifest.xml:401:9-406:20
	android:screenOrientation
		ADDED from UU/GTY_UU_Android/AndroidManifest.xml:405:13-49
	android:launchMode
		ADDED from UU/GTY_UU_Android/AndroidManifest.xml:404:13-44
	android:configChanges
		ADDED from UU/GTY_UU_Android/AndroidManifest.xml:403:13-74
	android:name
		ADDED from UU/GTY_UU_Android/AndroidManifest.xml:402:13-63
activity#com.uugty.uu.uuchat.ChatCustomActivity
ADDED from UU/GTY_UU_Android/AndroidManifest.xml:409:9-413:20
	android:screenOrientation
		ADDED from UU/GTY_UU_Android/AndroidManifest.xml:412:13-49
	android:configChanges
		ADDED from UU/GTY_UU_Android/AndroidManifest.xml:411:13-74
	android:name
		ADDED from UU/GTY_UU_Android/AndroidManifest.xml:410:13-54
activity#com.uugty.uu.uuchat.ChatCustomGuideActivity
ADDED from UU/GTY_UU_Android/AndroidManifest.xml:415:9-420:20
	android:screenOrientation